<?xml version="1.0" encoding="UTF-8"?>
<testng-results skipped="0" failed="0" ignored="0" total="1" passed="1">
  <reporter-output>
  </reporter-output>
  <suite name="Default suite" duration-ms="2759" started-at="2022-03-31T15:02:56 IST" finished-at="2022-03-31T15:02:59 IST">
    <groups>
    </groups>
    <test name="Default test" duration-ms="2759" started-at="2022-03-31T15:02:56 IST" finished-at="2022-03-31T15:02:59 IST">
      <class name="com.jbk.FirstTest">
        <test-method status="PASS" signature="Firstf()[pri:0, instance:com.jbk.FirstTest@27a8c74e]" name="Firstf" duration-ms="2718" started-at="2022-03-31T15:02:56 IST" finished-at="2022-03-31T15:02:59 IST">
          <reporter-output>
          </reporter-output>
        </test-method> <!-- Firstf -->
      </class> <!-- com.jbk.FirstTest -->
    </test> <!-- Default test -->
  </suite> <!-- Default suite -->
</testng-results>
